

--//------------/-------------------------------
 // AnT 4.669  / Release 4c, (c) 1999-2011
//------------/---------------------------------
Name of the dynamical system: model
Name of the configuration file: config.ant
runmode: server
loading the system... 
Using a share object as systemfunction...
system loaded successfully
Adding investigation method for key: 'regions_analysis' ...
investigation method added successfully.
allocated size of the continuous orbit: 2
the following real-valued objects are scannable:
    aL
    bL
    cL
    initial_state[0][0]
    parameter[0]
    parameter[1]
    parameter[2]
    parameter[3]
    parameter[4]
    px
    py
scannable objects inspected.
starting scanMachine...
accepting connections now
